Express server listening on port 7777
[90mGET / [36m304 [90m363ms[0m
[90mGET /assets/css/style.css [36m304 [90m6ms[0m
[90mGET /lib/OfficeSensor.js [36m304 [90m4ms[0m
[90mGET /lib/HTTPRequest.js [36m304 [90m5ms[0m
All complete
Results.length 168
-----------------------------  Response ---------------------------------
[
          {
                    "start_date": "2015-10-13T00:00:00.000Z",
                    "end_date": "2015-10-13T00:10:00.000Z",
                    "cnt": 0
          },
          {
                    "start_date": "2015-10-13T00:10:00.000Z",
                    "end_date": "2015-10-13T00:20:00.000Z",
                    "cnt": 0
          },
          {
                    "start_date": "2015-10-13T00:20:00.000Z",
                    "end_date": "2015-10-13T00:30:00.000Z",
                    "cnt": 0
          },
          {
                    "start_date": "2015-10-13T00:30:00.000Z",
                    "end_date": "2015-10-13T00:40:00.000Z",
                    "cnt": 0
          },
          {
                    "start_date": "2015-10-13T00:40:00.000Z",
                    "end_date": "2015-10-13T00:50:00.000Z",
                    "cnt": 0
          },
          {
                    "start_date": "2015-10-13T00:50:00.000Z",
                    "end_date": "2015-10-13T01:00:00.000Z",
                    "cnt": 0
          },
          {
                    "start_date": "2015-10-13T01:00:00.000Z",
                    "end_date": "2015-10-13T01:10:00.000Z",
                    "cnt": 0
          },
          {
                    "start_date": "2015-10-13T01:10:00.000Z",
                    "end_date": "2015-10-13T01:20:00.000Z",
                    "cnt": 0
          },
          {
                    "start_date": "2015-10-13T01:20:00.000Z",
                    "end_date": "2015-10-13T01:30:00.000Z",
                    "cnt": 0
          },
          {
                    "start_date": "2015-10-13T01:30:00.000Z",
                    "end_date": "2015-10-13T01:40:00.000Z",
                    "cnt": 0
          },
          {
                    "start_date": "2015-10-13T01:40:00.000Z",
                    "end_date": "2015-10-13T01:50:00.000Z",
                    "cnt": 0
          },
          {
                    "start_date": "2015-10-13T01:50:00.000Z",
                    "end_date": "2015-10-13T02:00:00.000Z",
                    "cnt": 0
          },
          {
                    "start_date": "2015-10-13T02:00:00.000Z",
                    "end_date": "2015-10-13T02:10:00.000Z",
                    "cnt": 0
          },
          {
                    "start_date": "2015-10-13T02:10:00.000Z",
                    "end_date": "2015-10-13T02:20:00.000Z",
                    "cnt": 0
          },
          {
                    "start_date": "2015-10-13T02:20:00.000Z",
                    "end_date": "2015-10-13T02:30:00.000Z",
                    "cnt": 0
          },
          {
                    "start_date": "2015-10-13T02:30:00.000Z",
                    "end_date": "2015-10-13T02:40:00.000Z",
                    "cnt": 0
          },
          {
                    "start_date": "2015-10-13T02:40:00.000Z",
                    "end_date": "2015-10-13T02:50:00.000Z",
                    "cnt": 0
          },
          {
                    "start_date": "2015-10-13T02:50:00.000Z",
                    "end_date": "2015-10-13T03:00:00.000Z",
                    "cnt": 0
          },
          {
                    "start_date": "2015-10-13T03:00:00.000Z",
                    "end_date": "2015-10-13T03:10:00.000Z",
                    "cnt": 0
          },
          {
                    "start_date": "2015-10-13T03:10:00.000Z",
                    "end_date": "2015-10-13T03:20:00.000Z",
                    "cnt": 0
          },
          {
                    "start_date": "2015-10-13T03:20:00.000Z",
                    "end_date": "2015-10-13T03:30:00.000Z",
                    "cnt": 0
          },
          {
                    "start_date": "2015-10-13T03:30:00.000Z",
                    "end_date": "2015-10-13T03:40:00.000Z",
                    "cnt": 0
          },
          {
                    "start_date": "2015-10-13T03:40:00.000Z",
                    "end_date": "2015-10-13T03:50:00.000Z",
                    "cnt": 0
          },
          {
                    "start_date": "2015-10-13T03:50:00.000Z",
                    "end_date": "2015-10-13T04:00:00.000Z",
                    "cnt": 0
          },
          {
                    "start_date": "2015-10-13T04:00:00.000Z",
                    "end_date": "2015-10-13T04:10:00.000Z",
                    "cnt": 0
          },
          {
                    "start_date": "2015-10-13T04:10:00.000Z",
                    "end_date": "2015-10-13T04:20:00.000Z",
                    "cnt": 0
          },
          {
                    "start_date": "2015-10-13T04:20:00.000Z",
                    "end_date": "2015-10-13T04:30:00.000Z",
                    "cnt": 0
          },
          {
                    "start_date": "2015-10-13T04:30:00.000Z",
                    "end_date": "2015-10-13T04:40:00.000Z",
                    "cnt": 0
          },
          {
                    "start_date": "2015-10-13T04:40:00.000Z",
                    "end_date": "2015-10-13T04:50:00.000Z",
                    "cnt": 0
          },
          {
                    "start_date": "2015-10-13T04:50:00.000Z",
                    "end_date": "2015-10-13T05:00:00.000Z",
                    "cnt": 0
          },
          {
                    "start_date": "2015-10-13T05:00:00.000Z",
                    "end_date": "2015-10-13T05:10:00.000Z",
                    "cnt": 0
          },
          {
                    "start_date": "2015-10-13T05:10:00.000Z",
                    "end_date": "2015-10-13T05:20:00.000Z",
                    "cnt": 0
          },
          {
                    "start_date": "2015-10-13T05:20:00.000Z",
                    "end_date": "2015-10-13T05:30:00.000Z",
                    "cnt": 0
          },
          {
                    "start_date": "2015-10-13T05:30:00.000Z",
                    "end_date": "2015-10-13T05:40:00.000Z",
                    "cnt": 0
          },
          {
                    "start_date": "2015-10-13T05:40:00.000Z",
                    "end_date": "2015-10-13T05:50:00.000Z",
                    "cnt": 0
          },
          {
                    "start_date": "2015-10-13T05:50:00.000Z",
                    "end_date": "2015-10-13T06:00:00.000Z",
                    "cnt": 0
          },
          {
                    "start_date": "2015-10-13T06:00:00.000Z",
                    "end_date": "2015-10-13T06:10:00.000Z",
                    "cnt": 0
          },
          {
                    "start_date": "2015-10-13T06:10:00.000Z",
                    "end_date": "2015-10-13T06:20:00.000Z",
                    "cnt": 0
          },
          {
                    "start_date": "2015-10-13T06:20:00.000Z",
                    "end_date": "2015-10-13T06:30:00.000Z",
                    "cnt": 0
          },
          {
                    "start_date": "2015-10-13T06:30:00.000Z",
                    "end_date": "2015-10-13T06:40:00.000Z",
                    "cnt": 0
          },
          {
                    "start_date": "2015-10-13T06:40:00.000Z",
                    "end_date": "2015-10-13T06:50:00.000Z",
                    "cnt": 0
          },
          {
                    "start_date": "2015-10-13T06:50:00.000Z",
                    "end_date": "2015-10-13T07:00:00.000Z",
                    "cnt": 0
          },
          {
                    "start_date": "2015-10-13T07:00:00.000Z",
                    "end_date": "2015-10-13T07:10:00.000Z",
                    "cnt": 0
          },
          {
                    "start_date": "2015-10-13T07:10:00.000Z",
                    "end_date": "2015-10-13T07:20:00.000Z",
                    "cnt": 0
          },
          {
                    "start_date": "2015-10-13T07:20:00.000Z",
                    "end_date": "2015-10-13T07:30:00.000Z",
                    "cnt": 0
          },
          {
                    "start_date": "2015-10-13T07:30:00.000Z",
                    "end_date": "2015-10-13T07:40:00.000Z",
                    "cnt": 0
          },
          {
                    "start_date": "2015-10-13T07:40:00.000Z",
                    "end_date": "2015-10-13T07:50:00.000Z",
                    "cnt": 0
          },
          {
                    "start_date": "2015-10-13T07:50:00.000Z",
                    "end_date": "2015-10-13T08:00:00.000Z",
                    "cnt": 0
          },
          {
                    "start_date": "2015-10-13T08:00:00.000Z",
                    "end_date": "2015-10-13T08:10:00.000Z",
                    "cnt": 0
          },
          {
                    "start_date": "2015-10-13T08:10:00.000Z",
                    "end_date": "2015-10-13T08:20:00.000Z",
                    "cnt": 10
          },
          {
                    "start_date": "2015-10-13T08:20:00.000Z",
                    "end_date": "2015-10-13T08:30:00.000Z",
                    "cnt": 0
          },
          {
                    "start_date": "2015-10-13T08:30:00.000Z",
                    "end_date": "2015-10-13T08:40:00.000Z",
                    "cnt": 10
          },
          {
                    "start_date": "2015-10-13T08:40:00.000Z",
                    "end_date": "2015-10-13T08:50:00.000Z",
                    "cnt": 10
          },
          {
                    "start_date": "2015-10-13T08:50:00.000Z",
                    "end_date": "2015-10-13T09:00:00.000Z",
                    "cnt": 10
          },
          {
                    "start_date": "2015-10-13T09:00:00.000Z",
                    "end_date": "2015-10-13T09:10:00.000Z",
                    "cnt": 10
          },
          {
                    "start_date": "2015-10-13T09:10:00.000Z",
                    "end_date": "2015-10-13T09:20:00.000Z",
                    "cnt": 10
          },
          {
                    "start_date": "2015-10-13T09:20:00.000Z",
                    "end_date": "2015-10-13T09:30:00.000Z",
                    "cnt": 10
          },
          {
                    "start_date": "2015-10-13T09:30:00.000Z",
                    "end_date": "2015-10-13T09:40:00.000Z",
                    "cnt": 10
          },
          {
                    "start_date": "2015-10-13T09:40:00.000Z",
                    "end_date": "2015-10-13T09:50:00.000Z",
                    "cnt": 10
          },
          {
                    "start_date": "2015-10-13T09:50:00.000Z",
                    "end_date": "2015-10-13T10:00:00.000Z",
                    "cnt": 10
          },
          {
                    "start_date": "2015-10-13T10:00:00.000Z",
                    "end_date": "2015-10-13T10:10:00.000Z",
                    "cnt": 10
          },
          {
                    "start_date": "2015-10-13T10:10:00.000Z",
                    "end_date": "2015-10-13T10:20:00.000Z",
                    "cnt": 10
          },
          {
                    "start_date": "2015-10-13T10:20:00.000Z",
                    "end_date": "2015-10-13T10:30:00.000Z",
                    "cnt": 10
          },
          {
                    "start_date": "2015-10-13T10:30:00.000Z",
                    "end_date": "2015-10-13T10:40:00.000Z",
                    "cnt": 10
          },
          {
                    "start_date": "2015-10-13T10:40:00.000Z",
                    "end_date": "2015-10-13T10:50:00.000Z",
                    "cnt": 10
          },
          {
                    "start_date": "2015-10-13T10:50:00.000Z",
                    "end_date": "2015-10-13T11:00:00.000Z",
                    "cnt": 10
          },
          {
                    "start_date": "2015-10-13T11:00:00.000Z",
                    "end_date": "2015-10-13T11:10:00.000Z",
                    "cnt": 10
          },
          {
                    "start_date": "2015-10-13T11:10:00.000Z",
                    "end_date": "2015-10-13T11:20:00.000Z",
                    "cnt": 10
          },
          {
                    "start_date": "2015-10-13T11:20:00.000Z",
                    "end_date": "2015-10-13T11:30:00.000Z",
                    "cnt": 10
          },
          {
                    "start_date": "2015-10-13T11:30:00.000Z",
                    "end_date": "2015-10-13T11:40:00.000Z",
                    "cnt": 10
          },
          {
                    "start_date": "2015-10-13T11:40:00.000Z",
                    "end_date": "2015-10-13T11:50:00.000Z",
                    "cnt": 10
          },
          {
                    "start_date": "2015-10-13T11:50:00.000Z",
                    "end_date": "2015-10-13T12:00:00.000Z",
                    "cnt": 10
          },
          {
                    "start_date": "2015-10-13T12:00:00.000Z",
                    "end_date": "2015-10-13T12:10:00.000Z",
                    "cnt": 10
          },
          {
                    "start_date": "2015-10-13T12:10:00.000Z",
                    "end_date": "2015-10-13T12:20:00.000Z",
                    "cnt": 10
          },
          {
                    "start_date": "2015-10-13T12:20:00.000Z",
                    "end_date": "2015-10-13T12:30:00.000Z",
                    "cnt": 10
          },
          {
                    "start_date": "2015-10-13T12:30:00.000Z",
                    "end_date": "2015-10-13T12:40:00.000Z",
                    "cnt": 10
          },
          {
                    "start_date": "2015-10-13T12:40:00.000Z",
                    "end_date": "2015-10-13T12:50:00.000Z",
                    "cnt": 10
          },
          {
                    "start_date": "2015-10-13T12:50:00.000Z",
                    "end_date": "2015-10-13T13:00:00.000Z",
                    "cnt": 10
          },
          {
                    "start_date": "2015-10-13T13:00:00.000Z",
                    "end_date": "2015-10-13T13:10:00.000Z",
                    "cnt": 10
          },
          {
                    "start_date": "2015-10-13T13:10:00.000Z",
                    "end_date": "2015-10-13T13:20:00.000Z",
                    "cnt": 10
          },
          {
                    "start_date": "2015-10-13T13:20:00.000Z",
                    "end_date": "2015-10-13T13:30:00.000Z",
                    "cnt": 10
          },
          {
                    "start_date": "2015-10-13T13:30:00.000Z",
                    "end_date": "2015-10-13T13:40:00.000Z",
                    "cnt": 10
          },
          {
                    "start_date": "2015-10-13T13:40:00.000Z",
                    "end_date": "2015-10-13T13:50:00.000Z",
                    "cnt": 10
          },
          {
                    "start_date": "2015-10-13T13:50:00.000Z",
                    "end_date": "2015-10-13T14:00:00.000Z",
                    "cnt": 10
          },
          {
                    "start_date": "2015-10-13T14:00:00.000Z",
                    "end_date": "2015-10-13T14:10:00.000Z",
                    "cnt": 10
          },
          {
                    "start_date": "2015-10-13T14:10:00.000Z",
                    "end_date": "2015-10-13T14:20:00.000Z",
                    "cnt": 10
          },
          {
                    "start_date": "2015-10-13T14:20:00.000Z",
                    "end_date": "2015-10-13T14:30:00.000Z",
                    "cnt": 10
          },
          {
                    "start_date": "2015-10-13T14:30:00.000Z",
                    "end_date": "2015-10-13T14:40:00.000Z",
                    "cnt": 10
          },
          {
                    "start_date": "2015-10-13T14:40:00.000Z",
                    "end_date": "2015-10-13T14:50:00.000Z",
                    "cnt": 10
          },
          {
                    "start_date": "2015-10-13T14:50:00.000Z",
                    "end_date": "2015-10-13T15:00:00.000Z",
                    "cnt": 10
          },
          {
                    "start_date": "2015-10-13T15:00:00.000Z",
                    "end_date": "2015-10-13T15:10:00.000Z",
                    "cnt": 10
          },
          {
                    "start_date": "2015-10-13T15:10:00.000Z",
                    "end_date": "2015-10-13T15:20:00.000Z",
                    "cnt": 10
          },
          {
                    "start_date": "2015-10-13T15:20:00.000Z",
                    "end_date": "2015-10-13T15:30:00.000Z",
                    "cnt": 10
          },
          {
                    "start_date": "2015-10-13T15:30:00.000Z",
                    "end_date": "2015-10-13T15:40:00.000Z",
                    "cnt": 10
          },
          {
                    "start_date": "2015-10-13T15:40:00.000Z",
                    "end_date": "2015-10-13T15:50:00.000Z",
                    "cnt": 10
          },
          {
                    "start_date": "2015-10-13T15:50:00.000Z",
                    "end_date": "2015-10-13T16:00:00.000Z",
                    "cnt": 10
          },
          {
                    "start_date": "2015-10-13T16:00:00.000Z",
                    "end_date": "2015-10-13T16:10:00.000Z",
                    "cnt": 10
          },
          {
                    "start_date": "2015-10-13T16:10:00.000Z",
                    "end_date": "2015-10-13T16:20:00.000Z",
                    "cnt": 10
          },
          {
                    "start_date": "2015-10-13T16:20:00.000Z",
                    "end_date": "2015-10-13T16:30:00.000Z",
                    "cnt": 10
          },
          {
                    "start_date": "2015-10-13T16:30:00.000Z",
                    "end_date": "2015-10-13T16:40:00.000Z",
                    "cnt": 10
          },
          {
                    "start_date": "2015-10-13T16:40:00.000Z",
                    "end_date": "2015-10-13T16:50:00.000Z",
                    "cnt": 10
          },
          {
                    "start_date": "2015-10-13T16:50:00.000Z",
                    "end_date": "2015-10-13T17:00:00.000Z",
                    "cnt": 10
          },
          {
                    "start_date": "2015-10-13T17:00:00.000Z",
                    "end_date": "2015-10-13T17:10:00.000Z",
                    "cnt": 10
          },
          {
                    "start_date": "2015-10-13T17:10:00.000Z",
                    "end_date": "2015-10-13T17:20:00.000Z",
                    "cnt": 10
          },
          {
                    "start_date": "2015-10-13T17:20:00.000Z",
                    "end_date": "2015-10-13T17:30:00.000Z",
                    "cnt": 10
          },
          {
                    "start_date": "2015-10-13T17:30:00.000Z",
                    "end_date": "2015-10-13T17:40:00.000Z",
                    "cnt": 10
          },
          {
                    "start_date": "2015-10-13T17:40:00.000Z",
                    "end_date": "2015-10-13T17:50:00.000Z",
                    "cnt": 10
          },
          {
                    "start_date": "2015-10-13T17:50:00.000Z",
                    "end_date": "2015-10-13T18:00:00.000Z",
                    "cnt": 10
          },
          {
                    "start_date": "2015-10-13T18:00:00.000Z",
                    "end_date": "2015-10-13T18:10:00.000Z",
                    "cnt": 0
          },
          {
                    "start_date": "2015-10-13T18:10:00.000Z",
                    "end_date": "2015-10-13T18:20:00.000Z",
                    "cnt": 0
          },
          {
                    "start_date": "2015-10-13T18:20:00.000Z",
                    "end_date": "2015-10-13T18:30:00.000Z",
                    "cnt": 0
          },
          {
                    "start_date": "2015-10-13T18:30:00.000Z",
                    "end_date": "2015-10-13T18:40:00.000Z",
                    "cnt": 0
          },
          {
                    "start_date": "2015-10-13T18:40:00.000Z",
                    "end_date": "2015-10-13T18:50:00.000Z",
                    "cnt": 0
          },
          {
                    "start_date": "2015-10-13T18:50:00.000Z",
                    "end_date": "2015-10-13T19:00:00.000Z",
                    "cnt": 0
          },
          {
                    "start_date": "2015-10-13T19:00:00.000Z",
                    "end_date": "2015-10-13T19:10:00.000Z",
                    "cnt": 10
          },
          {
                    "start_date": "2015-10-13T19:10:00.000Z",
                    "end_date": "2015-10-13T19:20:00.000Z",
                    "cnt": 0
          },
          {
                    "start_date": "2015-10-13T19:20:00.000Z",
                    "end_date": "2015-10-13T19:30:00.000Z",
                    "cnt": 10
          },
          {
                    "start_date": "2015-10-13T19:30:00.000Z",
                    "end_date": "2015-10-13T19:40:00.000Z",
                    "cnt": 10
          },
          {
                    "start_date": "2015-10-13T19:40:00.000Z",
                    "end_date": "2015-10-13T19:50:00.000Z",
                    "cnt": 0
          },
          {
                    "start_date": "2015-10-13T19:50:00.000Z",
                    "end_date": "2015-10-13T20:00:00.000Z",
                    "cnt": 0
          },
          {
                    "start_date": "2015-10-13T20:00:00.000Z",
                    "end_date": "2015-10-13T20:10:00.000Z",
                    "cnt": 0
          },
          {
                    "start_date": "2015-10-13T20:10:00.000Z",
                    "end_date": "2015-10-13T20:20:00.000Z",
                    "cnt": 0
          },
          {
                    "start_date": "2015-10-13T20:20:00.000Z",
                    "end_date": "2015-10-13T20:30:00.000Z",
                    "cnt": 0
          },
          {
                    "start_date": "2015-10-13T20:30:00.000Z",
                    "end_date": "2015-10-13T20:40:00.000Z",
                    "cnt": 0
          },
          {
                    "start_date": "2015-10-13T20:40:00.000Z",
                    "end_date": "2015-10-13T20:50:00.000Z",
                    "cnt": 0
          },
          {
                    "start_date": "2015-10-13T20:50:00.000Z",
                    "end_date": "2015-10-13T21:00:00.000Z",
                    "cnt": 0
          },
          {
                    "start_date": "2015-10-13T21:00:00.000Z",
                    "end_date": "2015-10-13T21:10:00.000Z",
                    "cnt": 0
          },
          {
                    "start_date": "2015-10-13T21:10:00.000Z",
                    "end_date": "2015-10-13T21:20:00.000Z",
                    "cnt": 0
          },
          {
                    "start_date": "2015-10-13T21:20:00.000Z",
                    "end_date": "2015-10-13T21:30:00.000Z",
                    "cnt": 0
          },
          {
                    "start_date": "2015-10-13T21:30:00.000Z",
                    "end_date": "2015-10-13T21:40:00.000Z",
                    "cnt": 0
          },
          {
                    "start_date": "2015-10-13T21:40:00.000Z",
                    "end_date": "2015-10-13T21:50:00.000Z",
                    "cnt": 0
          },
          {
                    "start_date": "2015-10-13T21:50:00.000Z",
                    "end_date": "2015-10-13T22:00:00.000Z",
                    "cnt": 0
          },
          {
                    "start_date": "2015-10-13T22:00:00.000Z",
                    "end_date": "2015-10-13T22:10:00.000Z",
                    "cnt": 0
          },
          {
                    "start_date": "2015-10-13T22:10:00.000Z",
                    "end_date": "2015-10-13T22:20:00.000Z",
                    "cnt": 0
          },
          {
                    "start_date": "2015-10-13T22:20:00.000Z",
                    "end_date": "2015-10-13T22:30:00.000Z",
                    "cnt": 0
          },
          {
                    "start_date": "2015-10-13T22:30:00.000Z",
                    "end_date": "2015-10-13T22:40:00.000Z",
                    "cnt": 0
          },
          {
                    "start_date": "2015-10-13T22:40:00.000Z",
                    "end_date": "2015-10-13T22:50:00.000Z",
                    "cnt": 0
          },
          {
                    "start_date": "2015-10-13T22:50:00.000Z",
                    "end_date": "2015-10-13T23:00:00.000Z",
                    "cnt": 0
          },
          {
                    "start_date": "2015-10-13T23:00:00.000Z",
                    "end_date": "2015-10-13T23:10:00.000Z",
                    "cnt": 0
          },
          {
                    "start_date": "2015-10-13T23:10:00.000Z",
                    "end_date": "2015-10-13T23:20:00.000Z",
                    "cnt": 0
          },
          {
                    "start_date": "2015-10-13T23:20:00.000Z",
                    "end_date": "2015-10-13T23:30:00.000Z",
                    "cnt": 0
          },
          {
                    "start_date": "2015-10-13T23:30:00.000Z",
                    "end_date": "2015-10-13T23:40:00.000Z",
                    "cnt": 0
          },
          {
                    "start_date": "2015-10-13T23:40:00.000Z",
                    "end_date": "2015-10-13T23:50:00.000Z",
                    "cnt": 0
          },
          {
                    "start_date": "2015-10-13T23:50:00.000Z",
                    "end_date": "2015-10-14T00:00:00.000Z",
                    "cnt": 0
          },
          {
                    "start_date": "2015-10-14T00:00:00.000Z",
                    "end_date": "2015-10-14T00:10:00.000Z",
                    "cnt": 0
          },
          {
                    "start_date": "2015-10-14T00:10:00.000Z",
                    "end_date": "2015-10-14T00:20:00.000Z",
                    "cnt": 0
          },
          {
                    "start_date": "2015-10-14T00:20:00.000Z",
                    "end_date": "2015-10-14T00:30:00.000Z",
                    "cnt": 0
          },
          {
                    "start_date": "2015-10-14T00:30:00.000Z",
                    "end_date": "2015-10-14T00:40:00.000Z",
                    "cnt": 0
          },
          {
                    "start_date": "2015-10-14T00:40:00.000Z",
                    "end_date": "2015-10-14T00:50:00.000Z",
                    "cnt": 0
          },
          {
                    "start_date": "2015-10-14T00:50:00.000Z",
                    "end_date": "2015-10-14T01:00:00.000Z",
                    "cnt": 0
          },
          {
                    "start_date": "2015-10-14T01:00:00.000Z",
                    "end_date": "2015-10-14T01:10:00.000Z",
                    "cnt": 0
          },
          {
                    "start_date": "2015-10-14T01:10:00.000Z",
                    "end_date": "2015-10-14T01:20:00.000Z",
                    "cnt": 0
          },
          {
                    "start_date": "2015-10-14T01:20:00.000Z",
                    "end_date": "2015-10-14T01:30:00.000Z",
                    "cnt": 0
          },
          {
                    "start_date": "2015-10-14T01:30:00.000Z",
                    "end_date": "2015-10-14T01:40:00.000Z",
                    "cnt": 0
          },
          {
                    "start_date": "2015-10-14T01:40:00.000Z",
                    "end_date": "2015-10-14T01:50:00.000Z",
                    "cnt": 0
          },
          {
                    "start_date": "2015-10-14T01:50:00.000Z",
                    "end_date": "2015-10-14T02:00:00.000Z",
                    "cnt": 0
          },
          {
                    "start_date": "2015-10-14T02:00:00.000Z",
                    "end_date": "2015-10-14T02:10:00.000Z",
                    "cnt": 0
          },
          {
                    "start_date": "2015-10-14T02:10:00.000Z",
                    "end_date": "2015-10-14T02:20:00.000Z",
                    "cnt": 0
          },
          {
                    "start_date": "2015-10-14T02:20:00.000Z",
                    "end_date": "2015-10-14T02:30:00.000Z",
                    "cnt": 0
          },
          {
                    "start_date": "2015-10-14T02:30:00.000Z",
                    "end_date": "2015-10-14T02:40:00.000Z",
                    "cnt": 0
          },
          {
                    "start_date": "2015-10-14T02:40:00.000Z",
                    "end_date": "2015-10-14T02:50:00.000Z",
                    "cnt": 0
          },
          {
                    "start_date": "2015-10-14T02:50:00.000Z",
                    "end_date": "2015-10-14T03:00:00.000Z",
                    "cnt": 0
          },
          {
                    "start_date": "2015-10-14T03:00:00.000Z",
                    "end_date": "2015-10-14T03:10:00.000Z",
                    "cnt": 0
          },
          {
                    "start_date": "2015-10-14T03:10:00.000Z",
                    "end_date": "2015-10-14T03:20:00.000Z",
                    "cnt": 0
          },
          {
                    "start_date": "2015-10-14T03:20:00.000Z",
                    "end_date": "2015-10-14T03:30:00.000Z",
                    "cnt": 0
          },
          {
                    "start_date": "2015-10-14T03:30:00.000Z",
                    "end_date": "2015-10-14T03:40:00.000Z",
                    "cnt": 0
          },
          {
                    "start_date": "2015-10-14T03:40:00.000Z",
                    "end_date": "2015-10-14T03:50:00.000Z",
                    "cnt": 0
          },
          {
                    "start_date": "2015-10-14T03:50:00.000Z",
                    "end_date": "2015-10-14T04:00:00.000Z",
                    "cnt": 0
          }
]
--------------------------  Response END ---------------------------------
[90mGET /reports?start_date=2015-10-13&end_date=%202015-10-14&room=Conf-1236&cnt=10&incr=10 [32m200 [90m7152ms - 14.5kb[0m
